2019-03-13 11:19:26 上午 [Thread: main][ Class:org.apache.ibatis.logging.LogFactory >> Method: org.apache.ibatis.logging.commons.JakartaCommonsLoggingImpl.debug(JakartaCommonsLoggingImpl.java:54) ]
DEBUG:Logging initialized using 'class org.apache.ibatis.logging.commons.JakartaCommonsLoggingImpl' adapter.
2019-03-13 11:19:27 上午 [Thread: main][ Class:org.apache.ibatis.datasource.pooled.PooledDataSource >> Method: org.apache.ibatis.logging.commons.JakartaCommonsLoggingImpl.debug(JakartaCommonsLoggingImpl.java:54) ]
DEBUG:PooledDataSource forcefully closed/removed all connections.
2019-03-13 11:19:27 上午 [Thread: main][ Class:org.apache.ibatis.datasource.pooled.PooledDataSource >> Method: org.apache.ibatis.logging.commons.JakartaCommonsLoggingImpl.debug(JakartaCommonsLoggingImpl.java:54) ]
DEBUG:PooledDataSource forcefully closed/removed all connections.
2019-03-13 11:19:27 上午 [Thread: main][ Class:org.apache.ibatis.datasource.pooled.PooledDataSource >> Method: org.apache.ibatis.logging.commons.JakartaCommonsLoggingImpl.debug(JakartaCommonsLoggingImpl.java:54) ]
DEBUG:PooledDataSource forcefully closed/removed all connections.
2019-03-13 11:19:27 上午 [Thread: main][ Class:org.apache.ibatis.datasource.pooled.PooledDataSource >> Method: org.apache.ibatis.logging.commons.JakartaCommonsLoggingImpl.debug(JakartaCommonsLoggingImpl.java:54) ]
DEBUG:PooledDataSource forcefully closed/removed all connections.
2019-03-13 11:19:27 上午 [Thread: main][ Class:org.apache.ibatis.transaction.jdbc.JdbcTransaction >> Method: org.apache.ibatis.logging.commons.JakartaCommonsLoggingImpl.debug(JakartaCommonsLoggingImpl.java:54) ]
DEBUG:Opening JDBC Connection
2019-03-13 11:29:16 AM [Thread: main][ Class:freemarker.cache >> Method: freemarker.log._Log4jLoggerFactory$Log4jLogger.debug(_Log4jLoggerFactory.java:45) ]
DEBUG:Couldn't find template in cache for "index.ftl"("en", UTF-8, parsed); will try to load it.
2019-03-13 11:29:16 AM [Thread: main][ Class:freemarker.cache >> Method: freemarker.log._Log4jLoggerFactory$Log4jLogger.debug(_Log4jLoggerFactory.java:45) ]
DEBUG:TemplateLoader.findTemplateSource("index_en.ftl"): Not found
2019-03-13 11:29:16 AM [Thread: main][ Class:freemarker.cache >> Method: freemarker.log._Log4jLoggerFactory$Log4jLogger.debug(_Log4jLoggerFactory.java:45) ]
DEBUG:TemplateLoader.findTemplateSource("index.ftl"): Found
2019-03-13 11:29:16 AM [Thread: main][ Class:freemarker.cache >> Method: freemarker.log._Log4jLoggerFactory$Log4jLogger.debug(_Log4jLoggerFactory.java:45) ]
DEBUG:Loading template for "index.ftl"("en", UTF-8, parsed) from "jar:file:/D:/tmp/maven-repr/com/aventstack/extentreports/3.0.6/extentreports-3.0.6.jar!/com/aventstack/extentreports/view/html-report/index.ftl"
2019-03-13 11:29:16 AM [Thread: main][ Class:freemarker.cache >> Method: freemarker.log._Log4jLoggerFactory$Log4jLogger.debug(_Log4jLoggerFactory.java:45) ]
DEBUG:Couldn't find template in cache for "head.ftl"("en", UTF-8, parsed); will try to load it.
2019-03-13 11:29:16 AM [Thread: main][ Class:freemarker.cache >> Method: freemarker.log._Log4jLoggerFactory$Log4jLogger.debug(_Log4jLoggerFactory.java:45) ]
DEBUG:TemplateLoader.findTemplateSource("head_en.ftl"): Not found
2019-03-13 11:29:16 AM [Thread: main][ Class:freemarker.cache >> Method: freemarker.log._Log4jLoggerFactory$Log4jLogger.debug(_Log4jLoggerFactory.java:45) ]
DEBUG:TemplateLoader.findTemplateSource("head.ftl"): Found
2019-03-13 11:29:16 AM [Thread: main][ Class:freemarker.cache >> Method: freemarker.log._Log4jLoggerFactory$Log4jLogger.debug(_Log4jLoggerFactory.java:45) ]
DEBUG:Loading template for "head.ftl"("en", UTF-8, parsed) from "jar:file:/D:/tmp/maven-repr/com/aventstack/extentreports/3.0.6/extentreports-3.0.6.jar!/com/aventstack/extentreports/view/html-report/head.ftl"
2019-03-13 11:29:16 AM [Thread: main][ Class:freemarker.cache >> Method: freemarker.log._Log4jLoggerFactory$Log4jLogger.debug(_Log4jLoggerFactory.java:45) ]
DEBUG:Couldn't find template in cache for "nav.ftl"("en", UTF-8, parsed); will try to load it.
2019-03-13 11:29:16 AM [Thread: main][ Class:freemarker.cache >> Method: freemarker.log._Log4jLoggerFactory$Log4jLogger.debug(_Log4jLoggerFactory.java:45) ]
DEBUG:TemplateLoader.findTemplateSource("nav_en.ftl"): Not found
2019-03-13 11:29:16 AM [Thread: main][ Class:freemarker.cache >> Method: freemarker.log._Log4jLoggerFactory$Log4jLogger.debug(_Log4jLoggerFactory.java:45) ]
DEBUG:TemplateLoader.findTemplateSource("nav.ftl"): Found
2019-03-13 11:29:16 AM [Thread: main][ Class:freemarker.cache >> Method: freemarker.log._Log4jLoggerFactory$Log4jLogger.debug(_Log4jLoggerFactory.java:45) ]
DEBUG:Loading template for "nav.ftl"("en", UTF-8, parsed) from "jar:file:/D:/tmp/maven-repr/com/aventstack/extentreports/3.0.6/extentreports-3.0.6.jar!/com/aventstack/extentreports/view/html-report/nav.ftl"
2019-03-13 11:29:16 AM [Thread: main][ Class:freemarker.cache >> Method: freemarker.log._Log4jLoggerFactory$Log4jLogger.debug(_Log4jLoggerFactory.java:45) ]
DEBUG:Couldn't find template in cache for "test-view/test-view.ftl"("en", UTF-8, parsed); will try to load it.
2019-03-13 11:29:16 AM [Thread: main][ Class:freemarker.cache >> Method: freemarker.log._Log4jLoggerFactory$Log4jLogger.debug(_Log4jLoggerFactory.java:45) ]
DEBUG:TemplateLoader.findTemplateSource("test-view/test-view_en.ftl"): Not found
2019-03-13 11:29:16 AM [Thread: main][ Class:freemarker.cache >> Method: freemarker.log._Log4jLoggerFactory$Log4jLogger.debug(_Log4jLoggerFactory.java:45) ]
DEBUG:TemplateLoader.findTemplateSource("test-view/test-view.ftl"): Found
2019-03-13 11:29:16 AM [Thread: main][ Class:freemarker.cache >> Method: freemarker.log._Log4jLoggerFactory$Log4jLogger.debug(_Log4jLoggerFactory.java:45) ]
DEBUG:Loading template for "test-view/test-view.ftl"("en", UTF-8, parsed) from "jar:file:/D:/tmp/maven-repr/com/aventstack/extentreports/3.0.6/extentreports-3.0.6.jar!/com/aventstack/extentreports/view/html-report/test-view/test-view.ftl"
2019-03-13 11:29:16 AM [Thread: main][ Class:freemarker.cache >> Method: freemarker.log._Log4jLoggerFactory$Log4jLogger.debug(_Log4jLoggerFactory.java:45) ]
DEBUG:Couldn't find template in cache for "test-view/test-view-charts.ftl"("en", UTF-8, parsed); will try to load it.
2019-03-13 11:29:16 AM [Thread: main][ Class:freemarker.cache >> Method: freemarker.log._Log4jLoggerFactory$Log4jLogger.debug(_Log4jLoggerFactory.java:45) ]
DEBUG:TemplateLoader.findTemplateSource("test-view/test-view-charts_en.ftl"): Not found
2019-03-13 11:29:16 AM [Thread: main][ Class:freemarker.cache >> Method: freemarker.log._Log4jLoggerFactory$Log4jLogger.debug(_Log4jLoggerFactory.java:45) ]
DEBUG:TemplateLoader.findTemplateSource("test-view/test-view-charts.ftl"): Found
2019-03-13 11:29:16 AM [Thread: main][ Class:freemarker.cache >> Method: freemarker.log._Log4jLoggerFactory$Log4jLogger.debug(_Log4jLoggerFactory.java:45) ]
DEBUG:Loading template for "test-view/test-view-charts.ftl"("en", UTF-8, parsed) from "jar:file:/D:/tmp/maven-repr/com/aventstack/extentreports/3.0.6/extentreports-3.0.6.jar!/com/aventstack/extentreports/view/html-report/test-view/test-view-charts.ftl"
2019-03-13 11:29:16 AM [Thread: main][ Class:freemarker.cache >> Method: freemarker.log._Log4jLoggerFactory$Log4jLogger.debug(_Log4jLoggerFactory.java:45) ]
DEBUG:Couldn't find template in cache for "test-view/standard.ftl"("en", UTF-8, parsed); will try to load it.
2019-03-13 11:29:16 AM [Thread: main][ Class:freemarker.cache >> Method: freemarker.log._Log4jLoggerFactory$Log4jLogger.debug(_Log4jLoggerFactory.java:45) ]
DEBUG:TemplateLoader.findTemplateSource("test-view/standard_en.ftl"): Not found
2019-03-13 11:29:16 AM [Thread: main][ Class:freemarker.cache >> Method: freemarker.log._Log4jLoggerFactory$Log4jLogger.debug(_Log4jLoggerFactory.java:45) ]
DEBUG:TemplateLoader.findTemplateSource("test-view/standard.ftl"): Found
2019-03-13 11:29:16 AM [Thread: main][ Class:freemarker.cache >> Method: freemarker.log._Log4jLoggerFactory$Log4jLogger.debug(_Log4jLoggerFactory.java:45) ]
DEBUG:Loading template for "test-view/standard.ftl"("en", UTF-8, parsed) from "jar:file:/D:/tmp/maven-repr/com/aventstack/extentreports/3.0.6/extentreports-3.0.6.jar!/com/aventstack/extentreports/view/html-report/test-view/standard.ftl"
2019-03-13 11:29:16 AM [Thread: main][ Class:freemarker.cache >> Method: freemarker.log._Log4jLoggerFactory$Log4jLogger.debug(_Log4jLoggerFactory.java:45) ]
DEBUG:Couldn't find template in cache for "category-view/category-view.ftl"("en", UTF-8, parsed); will try to load it.
2019-03-13 11:29:16 AM [Thread: main][ Class:freemarker.cache >> Method: freemarker.log._Log4jLoggerFactory$Log4jLogger.debug(_Log4jLoggerFactory.java:45) ]
DEBUG:TemplateLoader.findTemplateSource("category-view/category-view_en.ftl"): Not found
2019-03-13 11:29:16 AM [Thread: main][ Class:freemarker.cache >> Method: freemarker.log._Log4jLoggerFactory$Log4jLogger.debug(_Log4jLoggerFactory.java:45) ]
DEBUG:TemplateLoader.findTemplateSource("category-view/category-view.ftl"): Found
2019-03-13 11:29:16 AM [Thread: main][ Class:freemarker.cache >> Method: freemarker.log._Log4jLoggerFactory$Log4jLogger.debug(_Log4jLoggerFactory.java:45) ]
DEBUG:Loading template for "category-view/category-view.ftl"("en", UTF-8, parsed) from "jar:file:/D:/tmp/maven-repr/com/aventstack/extentreports/3.0.6/extentreports-3.0.6.jar!/com/aventstack/extentreports/view/html-report/category-view/category-view.ftl"
2019-03-13 11:29:16 AM [Thread: main][ Class:freemarker.cache >> Method: freemarker.log._Log4jLoggerFactory$Log4jLogger.debug(_Log4jLoggerFactory.java:45) ]
DEBUG:Couldn't find template in cache for "author-view/author-view.ftl"("en", UTF-8, parsed); will try to load it.
2019-03-13 11:29:16 AM [Thread: main][ Class:freemarker.cache >> Method: freemarker.log._Log4jLoggerFactory$Log4jLogger.debug(_Log4jLoggerFactory.java:45) ]
DEBUG:TemplateLoader.findTemplateSource("author-view/author-view_en.ftl"): Not found
2019-03-13 11:29:16 AM [Thread: main][ Class:freemarker.cache >> Method: freemarker.log._Log4jLoggerFactory$Log4jLogger.debug(_Log4jLoggerFactory.java:45) ]
DEBUG:TemplateLoader.findTemplateSource("author-view/author-view.ftl"): Found
2019-03-13 11:29:16 AM [Thread: main][ Class:freemarker.cache >> Method: freemarker.log._Log4jLoggerFactory$Log4jLogger.debug(_Log4jLoggerFactory.java:45) ]
DEBUG:Loading template for "author-view/author-view.ftl"("en", UTF-8, parsed) from "jar:file:/D:/tmp/maven-repr/com/aventstack/extentreports/3.0.6/extentreports-3.0.6.jar!/com/aventstack/extentreports/view/html-report/author-view/author-view.ftl"
2019-03-13 11:29:16 AM [Thread: main][ Class:freemarker.cache >> Method: freemarker.log._Log4jLoggerFactory$Log4jLogger.debug(_Log4jLoggerFactory.java:45) ]
DEBUG:Couldn't find template in cache for "exception-view/exception-view.ftl"("en", UTF-8, parsed); will try to load it.
2019-03-13 11:29:16 AM [Thread: main][ Class:freemarker.cache >> Method: freemarker.log._Log4jLoggerFactory$Log4jLogger.debug(_Log4jLoggerFactory.java:45) ]
DEBUG:TemplateLoader.findTemplateSource("exception-view/exception-view_en.ftl"): Not found
2019-03-13 11:29:16 AM [Thread: main][ Class:freemarker.cache >> Method: freemarker.log._Log4jLoggerFactory$Log4jLogger.debug(_Log4jLoggerFactory.java:45) ]
DEBUG:TemplateLoader.findTemplateSource("exception-view/exception-view.ftl"): Found
2019-03-13 11:29:16 AM [Thread: main][ Class:freemarker.cache >> Method: freemarker.log._Log4jLoggerFactory$Log4jLogger.debug(_Log4jLoggerFactory.java:45) ]
DEBUG:Loading template for "exception-view/exception-view.ftl"("en", UTF-8, parsed) from "jar:file:/D:/tmp/maven-repr/com/aventstack/extentreports/3.0.6/extentreports-3.0.6.jar!/com/aventstack/extentreports/view/html-report/exception-view/exception-view.ftl"
2019-03-13 11:29:16 AM [Thread: main][ Class:freemarker.cache >> Method: freemarker.log._Log4jLoggerFactory$Log4jLogger.debug(_Log4jLoggerFactory.java:45) ]
DEBUG:Couldn't find template in cache for "dashboard-view/dashboard-view.ftl"("en", UTF-8, parsed); will try to load it.
2019-03-13 11:29:16 AM [Thread: main][ Class:freemarker.cache >> Method: freemarker.log._Log4jLoggerFactory$Log4jLogger.debug(_Log4jLoggerFactory.java:45) ]
DEBUG:TemplateLoader.findTemplateSource("dashboard-view/dashboard-view_en.ftl"): Not found
2019-03-13 11:29:16 AM [Thread: main][ Class:freemarker.cache >> Method: freemarker.log._Log4jLoggerFactory$Log4jLogger.debug(_Log4jLoggerFactory.java:45) ]
DEBUG:TemplateLoader.findTemplateSource("dashboard-view/dashboard-view.ftl"): Found
2019-03-13 11:29:16 AM [Thread: main][ Class:freemarker.cache >> Method: freemarker.log._Log4jLoggerFactory$Log4jLogger.debug(_Log4jLoggerFactory.java:45) ]
DEBUG:Loading template for "dashboard-view/dashboard-view.ftl"("en", UTF-8, parsed) from "jar:file:/D:/tmp/maven-repr/com/aventstack/extentreports/3.0.6/extentreports-3.0.6.jar!/com/aventstack/extentreports/view/html-report/dashboard-view/dashboard-view.ftl"
2019-03-13 11:29:16 AM [Thread: main][ Class:freemarker.cache >> Method: freemarker.log._Log4jLoggerFactory$Log4jLogger.debug(_Log4jLoggerFactory.java:45) ]
DEBUG:Couldn't find template in cache for "logs-view/testrunner-logs-view.ftl"("en", UTF-8, parsed); will try to load it.
2019-03-13 11:29:16 AM [Thread: main][ Class:freemarker.cache >> Method: freemarker.log._Log4jLoggerFactory$Log4jLogger.debug(_Log4jLoggerFactory.java:45) ]
DEBUG:TemplateLoader.findTemplateSource("logs-view/testrunner-logs-view_en.ftl"): Not found
2019-03-13 11:29:16 AM [Thread: main][ Class:freemarker.cache >> Method: freemarker.log._Log4jLoggerFactory$Log4jLogger.debug(_Log4jLoggerFactory.java:45) ]
DEBUG:TemplateLoader.findTemplateSource("logs-view/testrunner-logs-view.ftl"): Found
2019-03-13 11:29:16 AM [Thread: main][ Class:freemarker.cache >> Method: freemarker.log._Log4jLoggerFactory$Log4jLogger.debug(_Log4jLoggerFactory.java:45) ]
DEBUG:Loading template for "logs-view/testrunner-logs-view.ftl"("en", UTF-8, parsed) from "jar:file:/D:/tmp/maven-repr/com/aventstack/extentreports/3.0.6/extentreports-3.0.6.jar!/com/aventstack/extentreports/view/html-report/logs-view/testrunner-logs-view.ftl"
